151027 15:06:08 [Note] Plugin 'FEDERATED' is disabled.
151027 15:06:08 InnoDB: The InnoDB memory heap is disabled
151027 15:06:08 InnoDB: Mutexes and rw_locks use Windows interlocked functions
151027 15:06:08 InnoDB: Compressed tables use zlib 1.2.3
151027 15:06:08 InnoDB: Initializing buffer pool, size = 128.0M
151027 15:06:08 InnoDB: Completed initialization of buffer pool
InnoDB: The first specified data file .\ibdata1 did not exist:
InnoDB: a new database to be created!
151027 15:06:08  InnoDB: Setting file .\ibdata1 size to 10 MB
InnoDB: Database physically writes the file full: wait...
151027 15:06:08  InnoDB: Log file .\ib_logfile0 did not exist: new to be created
InnoDB: Setting log file .\ib_logfile0 size to 5 MB
InnoDB: Database physically writes the file full: wait...
151027 15:06:08  InnoDB: Log file .\ib_logfile1 did not exist: new to be created
InnoDB: Setting log file .\ib_logfile1 size to 5 MB
InnoDB: Database physically writes the file full: wait...
InnoDB: Doublewrite buffer not found: creating new
InnoDB: Doublewrite buffer created
InnoDB: 127 rollback segment(s) active.
InnoDB: Creating foreign key constraint system tables
InnoDB: Foreign key constraint system tables created
151027 15:06:09  InnoDB: Waiting for the background threads to start
151027 15:06:10 InnoDB: 1.1.8 started; log sequence number 0
151027 15:06:10 [Note] Server hostname (bind-address): '127.0.0.1'; port: 3306
151027 15:06:10 [Note]   - '127.0.0.1' resolves to '127.0.0.1';
151027 15:06:10 [Note] Server socket created on IP: '127.0.0.1'.
151027 15:06:10 [Note] Event Scheduler: Loaded 0 events
151027 15:06:10 [Note] \usr\local\mysql-5.5\bin\mysqld.exe: ready for connections.
Version: '5.5.25'  socket: ''  port: 3306  MySQL Community Server (GPL)
151030 12:33:23 [Note] Plugin 'FEDERATED' is disabled.
151030 12:33:23 InnoDB: The InnoDB memory heap is disabled
151030 12:33:23 InnoDB: Mutexes and rw_locks use Windows interlocked functions
151030 12:33:23 InnoDB: Compressed tables use zlib 1.2.3
151030 12:33:23 InnoDB: Initializing buffer pool, size = 128.0M
151030 12:33:23 InnoDB: Completed initialization of buffer pool
151030 12:33:23 InnoDB: highest supported file format is Barracuda.
InnoDB: The log sequence number in ibdata files does not match
InnoDB: the log sequence number in the ib_logfiles!
151030 12:33:23  InnoDB: Database was not shut down normally!
InnoDB: Starting crash recovery.
InnoDB: Reading tablespace information from the .ibd files...
InnoDB: Restoring possible half-written data pages from the doublewrite
InnoDB: buffer...
151030 12:33:23  InnoDB: Waiting for the background threads to start
151030 12:33:24 InnoDB: 1.1.8 started; log sequence number 8288405
151030 12:33:24 [Note] Server hostname (bind-address): '127.0.0.1'; port: 3306
151030 12:33:24 [Note]   - '127.0.0.1' resolves to '127.0.0.1';
151030 12:33:24 [Note] Server socket created on IP: '127.0.0.1'.
151030 12:33:24 [Note] Event Scheduler: Loaded 0 events
151030 12:33:24 [Note] \usr\local\mysql-5.5\bin\mysqld.exe: ready for connections.
Version: '5.5.25'  socket: ''  port: 3306  MySQL Community Server (GPL)
151103 10:20:04 [Note] Plugin 'FEDERATED' is disabled.
151103 10:20:05 InnoDB: The InnoDB memory heap is disabled
151103 10:20:05 InnoDB: Mutexes and rw_locks use Windows interlocked functions
151103 10:20:05 InnoDB: Compressed tables use zlib 1.2.3
151103 10:20:05 InnoDB: Initializing buffer pool, size = 128.0M
151103 10:20:05 InnoDB: Completed initialization of buffer pool
151103 10:20:05 InnoDB: highest supported file format is Barracuda.
InnoDB: The log sequence number in ibdata files does not match
InnoDB: the log sequence number in the ib_logfiles!
151103 10:20:05  InnoDB: Database was not shut down normally!
InnoDB: Starting crash recovery.
InnoDB: Reading tablespace information from the .ibd files...
InnoDB: Restoring possible half-written data pages from the doublewrite
InnoDB: buffer...
151103 10:20:05  InnoDB: Waiting for the background threads to start
151103 10:20:06 InnoDB: 1.1.8 started; log sequence number 10905298
151103 10:20:06 [Note] Server hostname (bind-address): '127.0.0.1'; port: 3306
151103 10:20:06 [Note]   - '127.0.0.1' resolves to '127.0.0.1';
151103 10:20:06 [Note] Server socket created on IP: '127.0.0.1'.
151103 10:20:06 [Note] Event Scheduler: Loaded 0 events
151103 10:20:06 [Note] \usr\local\mysql-5.5\bin\mysqld.exe: ready for connections.
Version: '5.5.25'  socket: ''  port: 3306  MySQL Community Server (GPL)
151103 11:26:29 [Note] Plugin 'FEDERATED' is disabled.
151103 11:26:29 InnoDB: The InnoDB memory heap is disabled
151103 11:26:29 InnoDB: Mutexes and rw_locks use Windows interlocked functions
151103 11:26:29 InnoDB: Compressed tables use zlib 1.2.3
151103 11:26:29 InnoDB: Initializing buffer pool, size = 128.0M
151103 11:26:29 InnoDB: Completed initialization of buffer pool
151103 11:26:29 InnoDB: highest supported file format is Barracuda.
InnoDB: The log sequence number in ibdata files does not match
InnoDB: the log sequence number in the ib_logfiles!
151103 11:26:29  InnoDB: Database was not shut down normally!
InnoDB: Starting crash recovery.
InnoDB: Reading tablespace information from the .ibd files...
InnoDB: Restoring possible half-written data pages from the doublewrite
InnoDB: buffer...
151103 11:26:29  InnoDB: Waiting for the background threads to start
151103 11:26:30 InnoDB: 1.1.8 started; log sequence number 10907612
151103 11:26:30 [Note] Server hostname (bind-address): '127.0.0.1'; port: 3306
151103 11:26:30 [Note]   - '127.0.0.1' resolves to '127.0.0.1';
151103 11:26:30 [Note] Server socket created on IP: '127.0.0.1'.
151103 11:26:30 [Note] Event Scheduler: Loaded 0 events
151103 11:26:30 [Note] \usr\local\mysql-5.5\bin\mysqld.exe: ready for connections.
Version: '5.5.25'  socket: ''  port: 3306  MySQL Community Server (GPL)
151110  8:57:36 [Note] Plugin 'FEDERATED' is disabled.
151110  8:57:36 InnoDB: The InnoDB memory heap is disabled
151110  8:57:36 InnoDB: Mutexes and rw_locks use Windows interlocked functions
151110  8:57:36 InnoDB: Compressed tables use zlib 1.2.3
151110  8:57:36 InnoDB: Initializing buffer pool, size = 128.0M
151110  8:57:36 InnoDB: Completed initialization of buffer pool
151110  8:57:36 InnoDB: highest supported file format is Barracuda.
InnoDB: The log sequence number in ibdata files does not match
InnoDB: the log sequence number in the ib_logfiles!
151110  8:57:36  InnoDB: Database was not shut down normally!
InnoDB: Starting crash recovery.
InnoDB: Reading tablespace information from the .ibd files...
InnoDB: Restoring possible half-written data pages from the doublewrite
InnoDB: buffer...
151110  8:57:36  InnoDB: Waiting for the background threads to start
151110  8:57:37 InnoDB: 1.1.8 started; log sequence number 10907612
151110  8:57:37 [Note] Server hostname (bind-address): '127.0.0.1'; port: 3306
151110  8:57:37 [Note]   - '127.0.0.1' resolves to '127.0.0.1';
151110  8:57:37 [Note] Server socket created on IP: '127.0.0.1'.
151110  8:57:37 [Note] Event Scheduler: Loaded 0 events
151110  8:57:37 [Note] \usr\local\mysql-5.5\bin\mysqld.exe: ready for connections.
Version: '5.5.25'  socket: ''  port: 3306  MySQL Community Server (GPL)
151110 15:13:52 [Note] Plugin 'FEDERATED' is disabled.
151110 15:13:52 InnoDB: The InnoDB memory heap is disabled
151110 15:13:52 InnoDB: Mutexes and rw_locks use Windows interlocked functions
151110 15:13:52 InnoDB: Compressed tables use zlib 1.2.3
151110 15:13:52 InnoDB: Initializing buffer pool, size = 128.0M
151110 15:13:52 InnoDB: Completed initialization of buffer pool
151110 15:13:52 InnoDB: highest supported file format is Barracuda.
InnoDB: The log sequence number in ibdata files does not match
InnoDB: the log sequence number in the ib_logfiles!
151110 15:13:52  InnoDB: Database was not shut down normally!
InnoDB: Starting crash recovery.
InnoDB: Reading tablespace information from the .ibd files...
InnoDB: Restoring possible half-written data pages from the doublewrite
InnoDB: buffer...
151110 15:13:53  InnoDB: Waiting for the background threads to start
151110 15:13:54 InnoDB: 1.1.8 started; log sequence number 13351159
151110 15:13:54 [Note] Server hostname (bind-address): '127.0.0.1'; port: 3306
151110 15:13:54 [Note]   - '127.0.0.1' resolves to '127.0.0.1';
151110 15:13:54 [Note] Server socket created on IP: '127.0.0.1'.
151110 15:13:54 [Note] Event Scheduler: Loaded 0 events
151110 15:13:54 [Note] \usr\local\mysql-5.5\bin\mysqld.exe: ready for connections.
Version: '5.5.25'  socket: ''  port: 3306  MySQL Community Server (GPL)
151111  9:41:31 [Note] Plugin 'FEDERATED' is disabled.
151111  9:41:31 InnoDB: The InnoDB memory heap is disabled
151111  9:41:31 InnoDB: Mutexes and rw_locks use Windows interlocked functions
151111  9:41:31 InnoDB: Compressed tables use zlib 1.2.3
151111  9:41:31 InnoDB: Initializing buffer pool, size = 128.0M
151111  9:41:31 InnoDB: Completed initialization of buffer pool
151111  9:41:31 InnoDB: highest supported file format is Barracuda.
InnoDB: The log sequence number in ibdata files does not match
InnoDB: the log sequence number in the ib_logfiles!
151111  9:41:31  InnoDB: Database was not shut down normally!
InnoDB: Starting crash recovery.
InnoDB: Reading tablespace information from the .ibd files...
InnoDB: Restoring possible half-written data pages from the doublewrite
InnoDB: buffer...
151111  9:41:32  InnoDB: Waiting for the background threads to start
151111  9:41:33 InnoDB: 1.1.8 started; log sequence number 13394246
151111  9:41:33 [Note] Server hostname (bind-address): '127.0.0.1'; port: 3306
151111  9:41:33 [Note]   - '127.0.0.1' resolves to '127.0.0.1';
151111  9:41:33 [Note] Server socket created on IP: '127.0.0.1'.
151111  9:41:33 [Note] Event Scheduler: Loaded 0 events
151111  9:41:33 [Note] \usr\local\mysql-5.5\bin\mysqld.exe: ready for connections.
Version: '5.5.25'  socket: ''  port: 3306  MySQL Community Server (GPL)
151111  9:58:57 [Note] Plugin 'FEDERATED' is disabled.
151111  9:58:57 InnoDB: The InnoDB memory heap is disabled
151111  9:58:57 InnoDB: Mutexes and rw_locks use Windows interlocked functions
151111  9:58:57 InnoDB: Compressed tables use zlib 1.2.3
151111  9:58:57 InnoDB: Initializing buffer pool, size = 128.0M
151111  9:58:57 InnoDB: Completed initialization of buffer pool
151111  9:58:57 InnoDB: highest supported file format is Barracuda.
InnoDB: The log sequence number in ibdata files does not match
InnoDB: the log sequence number in the ib_logfiles!
151111  9:58:57  InnoDB: Database was not shut down normally!
InnoDB: Starting crash recovery.
InnoDB: Reading tablespace information from the .ibd files...
InnoDB: Restoring possible half-written data pages from the doublewrite
InnoDB: buffer...
151111  9:58:58  InnoDB: Waiting for the background threads to start
151111  9:58:59 InnoDB: 1.1.8 started; log sequence number 13394246
151111  9:58:59 [Note] Server hostname (bind-address): '127.0.0.1'; port: 3306
151111  9:58:59 [Note]   - '127.0.0.1' resolves to '127.0.0.1';
151111  9:58:59 [Note] Server socket created on IP: '127.0.0.1'.
151111  9:58:59 [Note] Event Scheduler: Loaded 0 events
151111  9:58:59 [Note] \usr\local\mysql-5.5\bin\mysqld.exe: ready for connections.
Version: '5.5.25'  socket: ''  port: 3306  MySQL Community Server (GPL)
151111 12:35:23 [Note] Plugin 'FEDERATED' is disabled.
151111 12:35:23 InnoDB: The InnoDB memory heap is disabled
151111 12:35:23 InnoDB: Mutexes and rw_locks use Windows interlocked functions
151111 12:35:23 InnoDB: Compressed tables use zlib 1.2.3
151111 12:35:23 InnoDB: Initializing buffer pool, size = 128.0M
151111 12:35:23 InnoDB: Completed initialization of buffer pool
151111 12:35:23 InnoDB: highest supported file format is Barracuda.
InnoDB: The log sequence number in ibdata files does not match
InnoDB: the log sequence number in the ib_logfiles!
151111 12:35:23  InnoDB: Database was not shut down normally!
InnoDB: Starting crash recovery.
InnoDB: Reading tablespace information from the .ibd files...
InnoDB: Restoring possible half-written data pages from the doublewrite
InnoDB: buffer...
151111 12:35:23  InnoDB: Waiting for the background threads to start
151111 12:35:24 InnoDB: 1.1.8 started; log sequence number 13432633
151111 12:35:24 [Note] Server hostname (bind-address): '127.0.0.1'; port: 3306
151111 12:35:24 [Note]   - '127.0.0.1' resolves to '127.0.0.1';
151111 12:35:24 [Note] Server socket created on IP: '127.0.0.1'.
151111 12:35:24 [Note] Event Scheduler: Loaded 0 events
151111 12:35:24 [Note] \usr\local\mysql-5.5\bin\mysqld.exe: ready for connections.
Version: '5.5.25'  socket: ''  port: 3306  MySQL Community Server (GPL)
151111 12:40:36 [Note] Plugin 'FEDERATED' is disabled.
151111 12:40:36 InnoDB: The InnoDB memory heap is disabled
151111 12:40:36 InnoDB: Mutexes and rw_locks use Windows interlocked functions
151111 12:40:36 InnoDB: Compressed tables use zlib 1.2.3
151111 12:40:36 InnoDB: Initializing buffer pool, size = 128.0M
151111 12:40:36 InnoDB: Completed initialization of buffer pool
151111 12:40:36 InnoDB: highest supported file format is Barracuda.
InnoDB: The log sequence number in ibdata files does not match
InnoDB: the log sequence number in the ib_logfiles!
151111 12:40:36  InnoDB: Database was not shut down normally!
InnoDB: Starting crash recovery.
InnoDB: Reading tablespace information from the .ibd files...
InnoDB: Restoring possible half-written data pages from the doublewrite
InnoDB: buffer...
151111 12:40:36  InnoDB: Waiting for the background threads to start
151111 12:40:37 InnoDB: 1.1.8 started; log sequence number 13432633
151111 12:40:37 [Note] Server hostname (bind-address): '127.0.0.1'; port: 3306
151111 12:40:37 [Note]   - '127.0.0.1' resolves to '127.0.0.1';
151111 12:40:37 [Note] Server socket created on IP: '127.0.0.1'.
151111 12:40:37 [Note] Event Scheduler: Loaded 0 events
151111 12:40:37 [Note] \usr\local\mysql-5.5\bin\mysqld.exe: ready for connections.
Version: '5.5.25'  socket: ''  port: 3306  MySQL Community Server (GPL)
151111 12:42:54 [Note] Plugin 'FEDERATED' is disabled.
151111 12:42:54 InnoDB: The InnoDB memory heap is disabled
151111 12:42:54 InnoDB: Mutexes and rw_locks use Windows interlocked functions
151111 12:42:54 InnoDB: Compressed tables use zlib 1.2.3
151111 12:42:54 InnoDB: Initializing buffer pool, size = 128.0M
151111 12:42:54 InnoDB: Completed initialization of buffer pool
151111 12:42:54 InnoDB: highest supported file format is Barracuda.
InnoDB: The log sequence number in ibdata files does not match
InnoDB: the log sequence number in the ib_logfiles!
151111 12:42:54  InnoDB: Database was not shut down normally!
InnoDB: Starting crash recovery.
InnoDB: Reading tablespace information from the .ibd files...
InnoDB: Restoring possible half-written data pages from the doublewrite
InnoDB: buffer...
151111 12:42:54  InnoDB: Waiting for the background threads to start
151111 12:42:55 InnoDB: 1.1.8 started; log sequence number 13432633
151111 12:42:55 [Note] Server hostname (bind-address): '127.0.0.1'; port: 3306
151111 12:42:55 [Note]   - '127.0.0.1' resolves to '127.0.0.1';
151111 12:42:55 [Note] Server socket created on IP: '127.0.0.1'.
151111 12:42:55 [Note] Event Scheduler: Loaded 0 events
151111 12:42:55 [Note] \usr\local\mysql-5.5\bin\mysqld.exe: ready for connections.
Version: '5.5.25'  socket: ''  port: 3306  MySQL Community Server (GPL)
151111 15:30:33 [Note] Plugin 'FEDERATED' is disabled.
151111 15:30:33 InnoDB: The InnoDB memory heap is disabled
151111 15:30:33 InnoDB: Mutexes and rw_locks use Windows interlocked functions
151111 15:30:33 InnoDB: Compressed tables use zlib 1.2.3
151111 15:30:33 InnoDB: Initializing buffer pool, size = 128.0M
151111 15:30:33 InnoDB: Completed initialization of buffer pool
151111 15:30:33 InnoDB: highest supported file format is Barracuda.
InnoDB: The log sequence number in ibdata files does not match
InnoDB: the log sequence number in the ib_logfiles!
151111 15:30:33  InnoDB: Database was not shut down normally!
InnoDB: Starting crash recovery.
InnoDB: Reading tablespace information from the .ibd files...
InnoDB: Restoring possible half-written data pages from the doublewrite
InnoDB: buffer...
151111 15:30:33  InnoDB: Waiting for the background threads to start
151111 15:30:34 InnoDB: 1.1.8 started; log sequence number 13435842
151111 15:30:34 [Note] Server hostname (bind-address): '127.0.0.1'; port: 3306
151111 15:30:34 [Note]   - '127.0.0.1' resolves to '127.0.0.1';
151111 15:30:34 [Note] Server socket created on IP: '127.0.0.1'.
151111 15:30:34 [Note] Event Scheduler: Loaded 0 events
151111 15:30:34 [Note] \usr\local\mysql-5.5\bin\mysqld.exe: ready for connections.
Version: '5.5.25'  socket: ''  port: 3306  MySQL Community Server (GPL)
151111 16:21:35 [Note] Plugin 'FEDERATED' is disabled.
151111 16:21:35 InnoDB: The InnoDB memory heap is disabled
151111 16:21:35 InnoDB: Mutexes and rw_locks use Windows interlocked functions
151111 16:21:35 InnoDB: Compressed tables use zlib 1.2.3
151111 16:21:35 InnoDB: Initializing buffer pool, size = 128.0M
151111 16:21:35 InnoDB: Completed initialization of buffer pool
151111 16:21:35 InnoDB: highest supported file format is Barracuda.
InnoDB: The log sequence number in ibdata files does not match
InnoDB: the log sequence number in the ib_logfiles!
151111 16:21:35  InnoDB: Database was not shut down normally!
InnoDB: Starting crash recovery.
InnoDB: Reading tablespace information from the .ibd files...
InnoDB: Restoring possible half-written data pages from the doublewrite
InnoDB: buffer...
151111 16:21:35  InnoDB: Waiting for the background threads to start
151111 16:21:36 InnoDB: 1.1.8 started; log sequence number 13435842
151111 16:21:36 [Note] Server hostname (bind-address): '127.0.0.1'; port: 3306
151111 16:21:36 [Note]   - '127.0.0.1' resolves to '127.0.0.1';
151111 16:21:36 [Note] Server socket created on IP: '127.0.0.1'.
151111 16:21:36 [Note] Event Scheduler: Loaded 0 events
151111 16:21:36 [Note] \usr\local\mysql-5.5\bin\mysqld.exe: ready for connections.
Version: '5.5.25'  socket: ''  port: 3306  MySQL Community Server (GPL)
151111 16:26:06 [Note] Plugin 'FEDERATED' is disabled.
151111 16:26:06 InnoDB: The InnoDB memory heap is disabled
151111 16:26:06 InnoDB: Mutexes and rw_locks use Windows interlocked functions
151111 16:26:06 InnoDB: Compressed tables use zlib 1.2.3
151111 16:26:06 InnoDB: Initializing buffer pool, size = 128.0M
151111 16:26:06 InnoDB: Completed initialization of buffer pool
151111 16:26:06 InnoDB: highest supported file format is Barracuda.
InnoDB: The log sequence number in ibdata files does not match
InnoDB: the log sequence number in the ib_logfiles!
151111 16:26:06  InnoDB: Database was not shut down normally!
InnoDB: Starting crash recovery.
InnoDB: Reading tablespace information from the .ibd files...
InnoDB: Restoring possible half-written data pages from the doublewrite
InnoDB: buffer...
151111 16:26:06  InnoDB: Waiting for the background threads to start
151111 16:26:07 InnoDB: 1.1.8 started; log sequence number 13435842
151111 16:26:07 [Note] Server hostname (bind-address): '127.0.0.1'; port: 3306
151111 16:26:07 [Note]   - '127.0.0.1' resolves to '127.0.0.1';
151111 16:26:07 [Note] Server socket created on IP: '127.0.0.1'.
151111 16:26:07 [Note] Event Scheduler: Loaded 0 events
151111 16:26:07 [Note] \usr\local\mysql-5.5\bin\mysqld.exe: ready for connections.
Version: '5.5.25'  socket: ''  port: 3306  MySQL Community Server (GPL)
151112 11:29:45 [Note] Plugin 'FEDERATED' is disabled.
151112 11:29:45 InnoDB: The InnoDB memory heap is disabled
151112 11:29:45 InnoDB: Mutexes and rw_locks use Windows interlocked functions
151112 11:29:45 InnoDB: Compressed tables use zlib 1.2.3
151112 11:29:45 InnoDB: Initializing buffer pool, size = 128.0M
151112 11:29:45 InnoDB: Completed initialization of buffer pool
151112 11:29:45 InnoDB: highest supported file format is Barracuda.
InnoDB: The log sequence number in ibdata files does not match
InnoDB: the log sequence number in the ib_logfiles!
151112 11:29:45  InnoDB: Database was not shut down normally!
InnoDB: Starting crash recovery.
InnoDB: Reading tablespace information from the .ibd files...
InnoDB: Restoring possible half-written data pages from the doublewrite
InnoDB: buffer...
151112 11:29:45  InnoDB: Waiting for the background threads to start
151112 11:29:46 InnoDB: 1.1.8 started; log sequence number 13610309
151112 11:29:46 [Note] Server hostname (bind-address): '127.0.0.1'; port: 3306
151112 11:29:46 [Note]   - '127.0.0.1' resolves to '127.0.0.1';
151112 11:29:46 [Note] Server socket created on IP: '127.0.0.1'.
151112 11:29:46 [Note] Event Scheduler: Loaded 0 events
151112 11:29:46 [Note] \usr\local\mysql-5.5\bin\mysqld.exe: ready for connections.
Version: '5.5.25'  socket: ''  port: 3306  MySQL Community Server (GPL)
151113 14:53:03 [Note] Plugin 'FEDERATED' is disabled.
151113 14:53:03 InnoDB: The InnoDB memory heap is disabled
151113 14:53:03 InnoDB: Mutexes and rw_locks use Windows interlocked functions
151113 14:53:03 InnoDB: Compressed tables use zlib 1.2.3
151113 14:53:03 InnoDB: Initializing buffer pool, size = 128.0M
151113 14:53:03 InnoDB: Completed initialization of buffer pool
151113 14:53:03 InnoDB: highest supported file format is Barracuda.
InnoDB: The log sequence number in ibdata files does not match
InnoDB: the log sequence number in the ib_logfiles!
151113 14:53:03  InnoDB: Database was not shut down normally!
InnoDB: Starting crash recovery.
InnoDB: Reading tablespace information from the .ibd files...
InnoDB: Restoring possible half-written data pages from the doublewrite
InnoDB: buffer...
151113 14:53:03  InnoDB: Waiting for the background threads to start
151113 14:53:04 InnoDB: 1.1.8 started; log sequence number 14999905
151113 14:53:04 [Note] Server hostname (bind-address): '127.0.0.1'; port: 3306
151113 14:53:04 [Note]   - '127.0.0.1' resolves to '127.0.0.1';
151113 14:53:04 [Note] Server socket created on IP: '127.0.0.1'.
151113 14:53:04 [Note] Event Scheduler: Loaded 0 events
151113 14:53:04 [Note] \usr\local\mysql-5.5\bin\mysqld.exe: ready for connections.
Version: '5.5.25'  socket: ''  port: 3306  MySQL Community Server (GPL)
151113 16:29:59 [Note] Plugin 'FEDERATED' is disabled.
151113 16:29:59 InnoDB: The InnoDB memory heap is disabled
151113 16:29:59 InnoDB: Mutexes and rw_locks use Windows interlocked functions
151113 16:29:59 InnoDB: Compressed tables use zlib 1.2.3
151113 16:29:59 InnoDB: Initializing buffer pool, size = 128.0M
151113 16:29:59 InnoDB: Completed initialization of buffer pool
151113 16:29:59 InnoDB: highest supported file format is Barracuda.
InnoDB: The log sequence number in ibdata files does not match
InnoDB: the log sequence number in the ib_logfiles!
151113 16:29:59  InnoDB: Database was not shut down normally!
InnoDB: Starting crash recovery.
InnoDB: Reading tablespace information from the .ibd files...
InnoDB: Restoring possible half-written data pages from the doublewrite
InnoDB: buffer...
151113 16:29:59  InnoDB: Waiting for the background threads to start
151113 16:30:00 InnoDB: 1.1.8 started; log sequence number 15983743
151113 16:30:00 [Note] Server hostname (bind-address): '127.0.0.1'; port: 3306
151113 16:30:00 [Note]   - '127.0.0.1' resolves to '127.0.0.1';
151113 16:30:00 [Note] Server socket created on IP: '127.0.0.1'.
151113 16:30:00 [Note] Event Scheduler: Loaded 0 events
151113 16:30:00 [Note] \usr\local\mysql-5.5\bin\mysqld.exe: ready for connections.
Version: '5.5.25'  socket: ''  port: 3306  MySQL Community Server (GPL)
151113 16:51:25 [Note] Plugin 'FEDERATED' is disabled.
151113 16:51:25 InnoDB: The InnoDB memory heap is disabled
151113 16:51:25 InnoDB: Mutexes and rw_locks use Windows interlocked functions
151113 16:51:25 InnoDB: Compressed tables use zlib 1.2.3
151113 16:51:25 InnoDB: Initializing buffer pool, size = 128.0M
151113 16:51:25 InnoDB: Completed initialization of buffer pool
151113 16:51:25 InnoDB: highest supported file format is Barracuda.
InnoDB: The log sequence number in ibdata files does not match
InnoDB: the log sequence number in the ib_logfiles!
151113 16:51:25  InnoDB: Database was not shut down normally!
InnoDB: Starting crash recovery.
InnoDB: Reading tablespace information from the .ibd files...
InnoDB: Restoring possible half-written data pages from the doublewrite
InnoDB: buffer...
151113 16:51:25  InnoDB: Waiting for the background threads to start
151113 16:51:26 InnoDB: 1.1.8 started; log sequence number 16126830
151113 16:51:26 [Note] Server hostname (bind-address): '127.0.0.1'; port: 3306
151113 16:51:26 [Note]   - '127.0.0.1' resolves to '127.0.0.1';
151113 16:51:26 [Note] Server socket created on IP: '127.0.0.1'.
151113 16:51:26 [Note] Event Scheduler: Loaded 0 events
151113 16:51:26 [Note] \usr\local\mysql-5.5\bin\mysqld.exe: ready for connections.
Version: '5.5.25'  socket: ''  port: 3306  MySQL Community Server (GPL)
151116 13:22:27 [Note] Plugin 'FEDERATED' is disabled.
151116 13:22:27 InnoDB: The InnoDB memory heap is disabled
151116 13:22:27 InnoDB: Mutexes and rw_locks use Windows interlocked functions
151116 13:22:27 InnoDB: Compressed tables use zlib 1.2.3
151116 13:22:27 InnoDB: Initializing buffer pool, size = 128.0M
151116 13:22:27 InnoDB: Completed initialization of buffer pool
151116 13:22:27 InnoDB: highest supported file format is Barracuda.
InnoDB: The log sequence number in ibdata files does not match
InnoDB: the log sequence number in the ib_logfiles!
151116 13:22:27  InnoDB: Database was not shut down normally!
InnoDB: Starting crash recovery.
InnoDB: Reading tablespace information from the .ibd files...
InnoDB: Restoring possible half-written data pages from the doublewrite
InnoDB: buffer...
151116 13:22:28  InnoDB: Waiting for the background threads to start
151116 13:22:29 InnoDB: 1.1.8 started; log sequence number 16614818
151116 13:22:29 [Note] Server hostname (bind-address): '127.0.0.1'; port: 3306
151116 13:22:29 [Note]   - '127.0.0.1' resolves to '127.0.0.1';
151116 13:22:29 [Note] Server socket created on IP: '127.0.0.1'.
151116 13:22:29 [Note] Event Scheduler: Loaded 0 events
151116 13:22:29 [Note] \usr\local\mysql-5.5\bin\mysqld.exe: ready for connections.
Version: '5.5.25'  socket: ''  port: 3306  MySQL Community Server (GPL)
151117 14:56:07 [Note] Plugin 'FEDERATED' is disabled.
151117 14:56:07 InnoDB: The InnoDB memory heap is disabled
151117 14:56:07 InnoDB: Mutexes and rw_locks use Windows interlocked functions
151117 14:56:07 InnoDB: Compressed tables use zlib 1.2.3
151117 14:56:07 InnoDB: Initializing buffer pool, size = 128.0M
151117 14:56:07 InnoDB: Completed initialization of buffer pool
151117 14:56:07 InnoDB: highest supported file format is Barracuda.
InnoDB: The log sequence number in ibdata files does not match
InnoDB: the log sequence number in the ib_logfiles!
151117 14:56:07  InnoDB: Database was not shut down normally!
InnoDB: Starting crash recovery.
InnoDB: Reading tablespace information from the .ibd files...
InnoDB: Restoring possible half-written data pages from the doublewrite
InnoDB: buffer...
151117 14:56:08  InnoDB: Waiting for the background threads to start
151117 14:56:09 InnoDB: 1.1.8 started; log sequence number 18311698
151117 14:56:09 [Note] Server hostname (bind-address): '127.0.0.1'; port: 3306
151117 14:56:09 [Note]   - '127.0.0.1' resolves to '127.0.0.1';
151117 14:56:09 [Note] Server socket created on IP: '127.0.0.1'.
151117 14:56:09 [Note] Event Scheduler: Loaded 0 events
151117 14:56:09 [Note] \usr\local\mysql-5.5\bin\mysqld.exe: ready for connections.
Version: '5.5.25'  socket: ''  port: 3306  MySQL Community Server (GPL)
151117 15:19:12 [Note] Plugin 'FEDERATED' is disabled.
151117 15:19:12 InnoDB: The InnoDB memory heap is disabled
151117 15:19:12 InnoDB: Mutexes and rw_locks use Windows interlocked functions
151117 15:19:12 InnoDB: Compressed tables use zlib 1.2.3
151117 15:19:12 InnoDB: Initializing buffer pool, size = 128.0M
151117 15:19:12 InnoDB: Completed initialization of buffer pool
151117 15:19:12 InnoDB: highest supported file format is Barracuda.
InnoDB: The log sequence number in ibdata files does not match
InnoDB: the log sequence number in the ib_logfiles!
151117 15:19:12  InnoDB: Database was not shut down normally!
InnoDB: Starting crash recovery.
InnoDB: Reading tablespace information from the .ibd files...
InnoDB: Restoring possible half-written data pages from the doublewrite
InnoDB: buffer...
151117 15:19:12  InnoDB: Waiting for the background threads to start
151117 15:19:13 InnoDB: 1.1.8 started; log sequence number 18700768
151117 15:19:13 [Note] Server hostname (bind-address): '127.0.0.1'; port: 3306
151117 15:19:13 [Note]   - '127.0.0.1' resolves to '127.0.0.1';
151117 15:19:13 [Note] Server socket created on IP: '127.0.0.1'.
151117 15:19:13 [Note] Event Scheduler: Loaded 0 events
151117 15:19:13 [Note] \usr\local\mysql-5.5\bin\mysqld.exe: ready for connections.
Version: '5.5.25'  socket: ''  port: 3306  MySQL Community Server (GPL)
151117 15:51:53 [Note] Plugin 'FEDERATED' is disabled.
151117 15:51:53 InnoDB: The InnoDB memory heap is disabled
151117 15:51:53 InnoDB: Mutexes and rw_locks use Windows interlocked functions
151117 15:51:53 InnoDB: Compressed tables use zlib 1.2.3
151117 15:51:53 InnoDB: Initializing buffer pool, size = 128.0M
151117 15:51:53 InnoDB: Completed initialization of buffer pool
151117 15:51:53 InnoDB: highest supported file format is Barracuda.
InnoDB: The log sequence number in ibdata files does not match
InnoDB: the log sequence number in the ib_logfiles!
151117 15:51:53  InnoDB: Database was not shut down normally!
InnoDB: Starting crash recovery.
InnoDB: Reading tablespace information from the .ibd files...
InnoDB: Restoring possible half-written data pages from the doublewrite
InnoDB: buffer...
151117 15:51:54  InnoDB: Waiting for the background threads to start
151117 15:51:55 InnoDB: 1.1.8 started; log sequence number 18992708
151117 15:51:55 [Note] Server hostname (bind-address): '127.0.0.1'; port: 3306
151117 15:51:55 [Note]   - '127.0.0.1' resolves to '127.0.0.1';
151117 15:51:55 [Note] Server socket created on IP: '127.0.0.1'.
151117 15:51:55 [Note] Event Scheduler: Loaded 0 events
151117 15:51:55 [Note] \usr\local\mysql-5.5\bin\mysqld.exe: ready for connections.
Version: '5.5.25'  socket: ''  port: 3306  MySQL Community Server (GPL)
151117 16:39:06 [Note] Plugin 'FEDERATED' is disabled.
151117 16:39:06 InnoDB: The InnoDB memory heap is disabled
151117 16:39:06 InnoDB: Mutexes and rw_locks use Windows interlocked functions
151117 16:39:06 InnoDB: Compressed tables use zlib 1.2.3
151117 16:39:06 InnoDB: Initializing buffer pool, size = 128.0M
151117 16:39:06 InnoDB: Completed initialization of buffer pool
151117 16:39:06 InnoDB: highest supported file format is Barracuda.
InnoDB: The log sequence number in ibdata files does not match
InnoDB: the log sequence number in the ib_logfiles!
151117 16:39:06  InnoDB: Database was not shut down normally!
InnoDB: Starting crash recovery.
InnoDB: Reading tablespace information from the .ibd files...
InnoDB: Restoring possible half-written data pages from the doublewrite
InnoDB: buffer...
151117 16:39:07  InnoDB: Waiting for the background threads to start
151117 16:39:08 InnoDB: 1.1.8 started; log sequence number 19157460
151117 16:39:08 [Note] Server hostname (bind-address): '127.0.0.1'; port: 3306
151117 16:39:08 [Note]   - '127.0.0.1' resolves to '127.0.0.1';
151117 16:39:08 [Note] Server socket created on IP: '127.0.0.1'.
151117 16:39:08 [Note] Event Scheduler: Loaded 0 events
151117 16:39:08 [Note] \usr\local\mysql-5.5\bin\mysqld.exe: ready for connections.
Version: '5.5.25'  socket: ''  port: 3306  MySQL Community Server (GPL)
151123  9:10:13 [Note] Plugin 'FEDERATED' is disabled.
151123  9:10:13 InnoDB: The InnoDB memory heap is disabled
151123  9:10:13 InnoDB: Mutexes and rw_locks use Windows interlocked functions
151123  9:10:13 InnoDB: Compressed tables use zlib 1.2.3
151123  9:10:13 InnoDB: Initializing buffer pool, size = 128.0M
151123  9:10:13 InnoDB: Completed initialization of buffer pool
151123  9:10:13 InnoDB: highest supported file format is Barracuda.
InnoDB: The log sequence number in ibdata files does not match
InnoDB: the log sequence number in the ib_logfiles!
151123  9:10:13  InnoDB: Database was not shut down normally!
InnoDB: Starting crash recovery.
InnoDB: Reading tablespace information from the .ibd files...
InnoDB: Restoring possible half-written data pages from the doublewrite
InnoDB: buffer...
151123  9:10:13  InnoDB: Waiting for the background threads to start
151123  9:10:14 InnoDB: 1.1.8 started; log sequence number 20804813
151123  9:10:14 [Note] Server hostname (bind-address): '127.0.0.1'; port: 3306
151123  9:10:14 [Note]   - '127.0.0.1' resolves to '127.0.0.1';
151123  9:10:14 [Note] Server socket created on IP: '127.0.0.1'.
151123  9:10:14 [Note] Event Scheduler: Loaded 0 events
151123  9:10:14 [Note] \usr\local\mysql-5.5\bin\mysqld.exe: ready for connections.
Version: '5.5.25'  socket: ''  port: 3306  MySQL Community Server (GPL)
151126  9:38:34 [Note] Plugin 'FEDERATED' is disabled.
151126  9:38:34 InnoDB: The InnoDB memory heap is disabled
151126  9:38:34 InnoDB: Mutexes and rw_locks use Windows interlocked functions
151126  9:38:34 InnoDB: Compressed tables use zlib 1.2.3
151126  9:38:34 InnoDB: Initializing buffer pool, size = 128.0M
151126  9:38:34 InnoDB: Completed initialization of buffer pool
151126  9:38:34 InnoDB: highest supported file format is Barracuda.
InnoDB: The log sequence number in ibdata files does not match
InnoDB: the log sequence number in the ib_logfiles!
151126  9:38:34  InnoDB: Database was not shut down normally!
InnoDB: Starting crash recovery.
InnoDB: Reading tablespace information from the .ibd files...
InnoDB: Restoring possible half-written data pages from the doublewrite
InnoDB: buffer...
151126  9:38:35  InnoDB: Waiting for the background threads to start
151126  9:38:36 InnoDB: 1.1.8 started; log sequence number 25716538
151126  9:38:36 [Note] Server hostname (bind-address): '127.0.0.1'; port: 3306
151126  9:38:36 [Note]   - '127.0.0.1' resolves to '127.0.0.1';
151126  9:38:36 [Note] Server socket created on IP: '127.0.0.1'.
151126  9:38:36 [Note] Event Scheduler: Loaded 0 events
151126  9:38:36 [Note] \usr\local\mysql-5.5\bin\mysqld.exe: ready for connections.
Version: '5.5.25'  socket: ''  port: 3306  MySQL Community Server (GPL)
151127 15:42:45 [Note] Plugin 'FEDERATED' is disabled.
151127 15:42:45 InnoDB: The InnoDB memory heap is disabled
151127 15:42:45 InnoDB: Mutexes and rw_locks use Windows interlocked functions
151127 15:42:45 InnoDB: Compressed tables use zlib 1.2.3
151127 15:42:45 InnoDB: Initializing buffer pool, size = 128.0M
151127 15:42:45 InnoDB: Completed initialization of buffer pool
151127 15:42:45 InnoDB: highest supported file format is Barracuda.
InnoDB: The log sequence number in ibdata files does not match
InnoDB: the log sequence number in the ib_logfiles!
151127 15:42:45  InnoDB: Database was not shut down normally!
InnoDB: Starting crash recovery.
InnoDB: Reading tablespace information from the .ibd files...
InnoDB: Restoring possible half-written data pages from the doublewrite
InnoDB: buffer...
151127 15:42:45  InnoDB: Waiting for the background threads to start
151127 15:42:46 InnoDB: 1.1.8 started; log sequence number 26054004
151127 15:42:46 [Note] Server hostname (bind-address): '127.0.0.1'; port: 3306
151127 15:42:46 [Note]   - '127.0.0.1' resolves to '127.0.0.1';
151127 15:42:46 [Note] Server socket created on IP: '127.0.0.1'.
151127 15:42:46 [Note] Event Scheduler: Loaded 0 events
151127 15:42:46 [Note] \usr\local\mysql-5.5\bin\mysqld.exe: ready for connections.
Version: '5.5.25'  socket: ''  port: 3306  MySQL Community Server (GPL)
151203  9:24:49 [Note] Plugin 'FEDERATED' is disabled.
151203  9:24:49 InnoDB: The InnoDB memory heap is disabled
151203  9:24:49 InnoDB: Mutexes and rw_locks use Windows interlocked functions
151203  9:24:49 InnoDB: Compressed tables use zlib 1.2.3
151203  9:24:49 InnoDB: Initializing buffer pool, size = 128.0M
151203  9:24:49 InnoDB: Completed initialization of buffer pool
151203  9:24:49 InnoDB: highest supported file format is Barracuda.
InnoDB: The log sequence number in ibdata files does not match
InnoDB: the log sequence number in the ib_logfiles!
151203  9:24:49  InnoDB: Database was not shut down normally!
InnoDB: Starting crash recovery.
InnoDB: Reading tablespace information from the .ibd files...
InnoDB: Restoring possible half-written data pages from the doublewrite
InnoDB: buffer...
151203  9:24:49  InnoDB: Waiting for the background threads to start
151203  9:24:50 InnoDB: 1.1.8 started; log sequence number 37974993
151203  9:24:50 [Note] Server hostname (bind-address): '127.0.0.1'; port: 3306
151203  9:24:50 [Note]   - '127.0.0.1' resolves to '127.0.0.1';
151203  9:24:50 [Note] Server socket created on IP: '127.0.0.1'.
151203  9:24:50 [Note] Event Scheduler: Loaded 0 events
151203  9:24:50 [Note] \usr\local\mysql-5.5\bin\mysqld.exe: ready for connections.
Version: '5.5.25'  socket: ''  port: 3306  MySQL Community Server (GPL)
151207  9:53:26 [Note] Plugin 'FEDERATED' is disabled.
151207  9:53:26 InnoDB: The InnoDB memory heap is disabled
151207  9:53:26 InnoDB: Mutexes and rw_locks use Windows interlocked functions
151207  9:53:26 InnoDB: Compressed tables use zlib 1.2.3
151207  9:53:26 InnoDB: Initializing buffer pool, size = 128.0M
151207  9:53:26 InnoDB: Completed initialization of buffer pool
151207  9:53:26 InnoDB: highest supported file format is Barracuda.
InnoDB: The log sequence number in ibdata files does not match
InnoDB: the log sequence number in the ib_logfiles!
151207  9:53:26  InnoDB: Database was not shut down normally!
InnoDB: Starting crash recovery.
InnoDB: Reading tablespace information from the .ibd files...
InnoDB: Restoring possible half-written data pages from the doublewrite
InnoDB: buffer...
151207  9:53:26  InnoDB: Waiting for the background threads to start
151207  9:53:27 InnoDB: 1.1.8 started; log sequence number 38147394
151207  9:53:27 [Note] Server hostname (bind-address): '127.0.0.1'; port: 3306
151207  9:53:27 [Note]   - '127.0.0.1' resolves to '127.0.0.1';
151207  9:53:27 [Note] Server socket created on IP: '127.0.0.1'.
151207  9:53:27 [Note] Event Scheduler: Loaded 0 events
151207  9:53:27 [Note] \usr\local\mysql-5.5\bin\mysqld.exe: ready for connections.
Version: '5.5.25'  socket: ''  port: 3306  MySQL Community Server (GPL)
151209 12:36:00 [Note] Plugin 'FEDERATED' is disabled.
151209 12:36:00 InnoDB: The InnoDB memory heap is disabled
151209 12:36:00 InnoDB: Mutexes and rw_locks use Windows interlocked functions
151209 12:36:00 InnoDB: Compressed tables use zlib 1.2.3
151209 12:36:00 InnoDB: Initializing buffer pool, size = 128.0M
151209 12:36:00 InnoDB: Completed initialization of buffer pool
151209 12:36:00 InnoDB: highest supported file format is Barracuda.
InnoDB: The log sequence number in ibdata files does not match
InnoDB: the log sequence number in the ib_logfiles!
151209 12:36:00  InnoDB: Database was not shut down normally!
InnoDB: Starting crash recovery.
InnoDB: Reading tablespace information from the .ibd files...
InnoDB: Restoring possible half-written data pages from the doublewrite
InnoDB: buffer...
151209 12:36:01  InnoDB: Waiting for the background threads to start
151209 12:36:02 InnoDB: 1.1.8 started; log sequence number 42585642
151209 12:36:02 [Note] Server hostname (bind-address): '127.0.0.1'; port: 3306
151209 12:36:02 [Note]   - '127.0.0.1' resolves to '127.0.0.1';
151209 12:36:02 [Note] Server socket created on IP: '127.0.0.1'.
151209 12:36:02 [Note] Event Scheduler: Loaded 0 events
151209 12:36:02 [Note] \usr\local\mysql-5.5\bin\mysqld.exe: ready for connections.
Version: '5.5.25'  socket: ''  port: 3306  MySQL Community Server (GPL)
